<?xml version="1.0" encoding="UTF-8"?>
<!-- Generated by org.testng.reporters.JUnitReportReporter -->
<testsuite hostname="Admin-PC" failures="0" tests="1" name="pack1.GridExample" time="18.326" errors="0" timestamp="2021-12-02T16:06:07 IST" skipped="0">
  <testcase classname="pack1.GridExample" name="mailTest" time="18.326"/>
  <system-out/>
</testsuite> <!-- pack1.GridExample -->
